2020-10-29 12:57:49,781:WARNING:PLEASE ENTER A NO WITHIN AVAILABLLE NOS
2020-10-29 12:58:52,893:WARNING:PLEASE ENTER A NO WITHIN AVAILABLLE NOS
2020-10-29 13:08:48,224:INFO:Score by A:
2020-10-29 13:09:38,522:INFO:Score by A:
2020-10-29 13:09:38,522:INFO:Score by B:
2020-10-29 13:09:46,752:INFO:Score by A:
2020-10-29 13:09:46,752:INFO:Score by B:
2020-10-29 13:09:48,459:INFO:Score by A:
2020-10-29 13:09:48,459:INFO:Score by B:
2020-10-29 13:10:35,720:INFO:Score by A:
2020-10-29 13:10:35,720:INFO:Score by B:
2020-10-29 13:10:37,670:INFO:Score by A:
2020-10-29 13:10:37,671:INFO:Score by B:
2020-10-29 13:10:40,758:INFO:PLEASE ENTER A NO WITHIN AVAILABLLE NOS
2020-10-29 13:10:44,310:INFO:Score by A:
2020-10-29 13:10:44,310:INFO:Score by B:
2020-10-29 13:10:45,711:INFO:Score by A:
2020-10-29 13:10:45,711:INFO:Score by B:
2020-10-29 13:10:48,839:INFO:Score by A:
2020-10-29 13:10:48,840:INFO:Score by B:
2020-10-29 13:10:50,440:INFO:Score by A:
2020-10-29 13:10:50,440:INFO:Score by B:
2020-10-29 13:10:50,441:INFO:CLOSE THE GAME! NOBODY WILL WIN!!!
